This file contains any messages produced by compilers while
running configure, to aid debugging if configure makes a mistake.

It was created by configure, which was
generated by GNU Autoconf 2.69.  Invocation command line was

  $ ./configure --with-php-config=/usr/local/php80/bin/php-config

## --------- ##
## Platform. ##
## --------- ##

hostname = gymhome.vn
uname -m = x86_64
uname -r = 3.10.0
uname -s = Linux
uname -v = #1 SMP Thu Apr 22 16:18:59 MSK 2021

/usr/bin/uname -p = x86_64
/bin/uname -X     = unknown

/bin/arch              = x86_64
/usr/bin/arch -k       = unknown
/usr/convex/getsysinfo = unknown
/usr/bin/hostinfo      = unknown
/bin/machine           = unknown
/usr/bin/oslevel       = unknown
/bin/universe          = unknown

PATH: /usr/kerberos/sbin
PATH: /usr/kerberos/bin
PATH: /usr/local/sbin
PATH: /usr/local/bin
PATH: /sbin
PATH: /bin
PATH: /usr/sbin
PATH: /usr/bin
PATH: /root/bin


## ----------- ##
## Core tests. ##
## ----------- ##

configure:2355: checking for grep that handles long lines and -e
configure:2413: result: /bin/grep
configure:2418: checking for egrep
configure:2480: result: /bin/grep -E
configure:2485: checking for a sed that does not truncate output
configure:2549: result: /bin/sed
configure:2688: checking for pkg-config
configure:2706: found /bin/pkg-config
configure:2718: result: /bin/pkg-config
configure:2743: checking pkg-config is at least version 0.9.0
configure:2746: result: yes
configure:2808: checking for cc
configure:2824: found /bin/cc
configure:2835: result: cc
configure:2866: checking for C compiler version
configure:2875: cc --version >&5
cc (GCC) 4.8.5 20150623 (Red Hat 4.8.5-44)
Copyright (C) 2015 Free Software Foundation, Inc.
This is free software; see the source for copying conditions.  There is NO
warranty; not even for MERCHANTABILITY or FITNESS FOR A PARTICULAR PURPOSE.

configure:2886: $? = 0
configure:2875: cc -v >&5
Using built-in specs.
COLLECT_GCC=cc
COLLECT_LTO_WRAPPER=/usr/libexec/gcc/x86_64-redhat-linux/4.8.5/lto-wrapper
Target: x86_64-redhat-linux
Configured with: ../configure --prefix=/usr --mandir=/usr/share/man --infodir=/usr/share/info --with-bugurl=http://bugzilla.redhat.com/bugzilla --enable-bootstrap --enable-shared --enable-threads=posix --enable-checking=release --with-system-zlib --enable-__cxa_atexit --disable-libunwind-exceptions --enable-gnu-unique-object --enable-linker-build-id --with-linker-hash-style=gnu --enable-languages=c,c++,objc,obj-c++,java,fortran,ada,go,lto --enable-plugin --enable-initfini-array --disable-libgcj --with-isl=/builddir/build/BUILD/gcc-4.8.5-20150702/obj-x86_64-redhat-linux/isl-install --with-cloog=/builddir/build/BUILD/gcc-4.8.5-20150702/obj-x86_64-redhat-linux/cloog-install --enable-gnu-indirect-function --with-tune=generic --with-arch_32=x86-64 --build=x86_64-redhat-linux
Thread model: posix
gcc version 4.8.5 20150623 (Red Hat 4.8.5-44) (GCC) 
configure:2886: $? = 0
configure:2875: cc -V >&5
cc: error: unrecognized command line option '-V'
cc: fatal error: no input files
compilation terminated.
configure:2886: $? = 4
configure:2875: cc -qversion >&5
cc: error: unrecognized command line option '-qversion'
cc: fatal error: no input files
compilation terminated.
configure:2886: $? = 4
configure:2906: checking whether the C compiler works
configure:2928: cc    conftest.c  >&5
configure:2932: $? = 0
configure:2980: result: yes
configure:2983: checking for C compiler default output file name
configure:2985: result: a.out
configure:2991: checking for suffix of executables
configure:2998: cc -o conftest    conftest.c  >&5
configure:3002: $? = 0
configure:3024: result: 
configure:3046: checking whether we are cross compiling
configure:3054: cc -o conftest    conftest.c  >&5
configure:3058: $? = 0
configure:3065: ./conftest
configure:3069: $? = 0
configure:3084: result: no
configure:3089: checking for suffix of object files
configure:3111: cc -c   conftest.c >&5
configure:3115: $? = 0
configure:3136: result: o
configure:3140: checking whether we are using the GNU C compiler
configure:3159: cc -c   conftest.c >&5
configure:3159: $? = 0
configure:3168: result: yes
configure:3177: checking whether cc accepts -g
configure:3197: cc -c -g  conftest.c >&5
configure:3197: $? = 0
configure:3238: result: yes
configure:3255: checking for cc option to accept ISO C89
configure:3318: cc  -c -g -O2  conftest.c >&5
configure:3318: $? = 0
configure:3331: result: none needed
configure:3357: checking how to run the C preprocessor
configure:3388: cc -E  conftest.c
configure:3388: $? = 0
configure:3402: cc -E  conftest.c
conftest.c:9:28: fatal error: ac_nonexistent.h: No such file or directory
 #include <ac_nonexistent.h>
                            ^
compilation terminated.
configure:3402: $? = 1
configure: failed program was:
| /* confdefs.h */
| #define PACKAGE_NAME ""
| #define PACKAGE_TARNAME ""
| #define PACKAGE_VERSION ""
| #define PACKAGE_STRING ""
| #define PACKAGE_BUGREPORT ""
| #define PACKAGE_URL ""
| /* end confdefs.h.  */
| #include <ac_nonexistent.h>
configure:3427: result: cc -E
configure:3447: cc -E  conftest.c
configure:3447: $? = 0
configure:3461: cc -E  conftest.c
conftest.c:9:28: fatal error: ac_nonexistent.h: No such file or directory
 #include <ac_nonexistent.h>
                            ^
compilation terminated.
configure:3461: $? = 1
configure: failed program was:
| /* confdefs.h */
| #define PACKAGE_NAME ""
| #define PACKAGE_TARNAME ""
| #define PACKAGE_VERSION ""
| #define PACKAGE_STRING ""
| #define PACKAGE_BUGREPORT ""
| #define PACKAGE_URL ""
| /* end confdefs.h.  */
| #include <ac_nonexistent.h>
configure:3492: checking for icc
configure:3501: result: no
configure:3515: checking for suncc
configure:3524: result: no
configure:3542: checking for system library directory
configure:3557: result: lib
configure:3564: checking if compiler supports -R
configure:3583: cc -o conftest -g -O2   conftest.c -R /usr/lib  >&5
cc: error: unrecognized command line option '-R'
configure:3583: $? = 1
configure: failed program was:
| /* confdefs.h */
| #define PACKAGE_NAME ""
| #define PACKAGE_TARNAME ""
| #define PACKAGE_VERSION ""
| #define PACKAGE_STRING ""
| #define PACKAGE_BUGREPORT ""
| #define PACKAGE_URL ""
| /* end confdefs.h.  */
| 
| int
| main ()
| {
| 
|   ;
|   return 0;
| }
configure:3593: result: no
configure:3598: checking if compiler supports -Wl,-rpath,
configure:3617: cc -o conftest -g -O2   conftest.c -Wl,-rpath,/usr/lib  >&5
configure:3617: $? = 0
configure:3627: result: yes
configure:3643: checking build system type
configure:3657: result: x86_64-pc-linux-gnu
configure:3677: checking host system type
configure:3690: result: x86_64-pc-linux-gnu
configure:3710: checking target system type
configure:3723: result: x86_64-pc-linux-gnu
configure:3826: checking for PHP prefix
configure:3828: result: /usr/local/php80
configure:3830: checking for PHP includes
configure:3832: result: -I/usr/local/php80/include/php -I/usr/local/php80/include/php/main -I/usr/local/php80/include/php/TSRM -I/usr/local/php80/include/php/Zend -I/usr/local/php80/include/php/ext -I/usr/local/php80/include/php/ext/date/lib
configure:3834: checking for PHP extension directory
configure:3836: result: /usr/local/php80/lib/php/extensions/no-debug-non-zts-20200930
configure:3838: checking for PHP installed headers prefix
configure:3840: result: /usr/local/php80/include/php
configure:3843: checking if debug is enabled
configure:3869: result: no
configure:3872: checking if zts is enabled
configure:3898: result: no
configure:3966: checking for gawk
configure:3983: found /bin/gawk
configure:3994: result: gawk
configure:4038: checking whether to enable redis support
configure:4077: result: yes, shared
configure:4086: checking whether to enable sessions
configure:4100: result: yes
configure:4109: checking whether to enable json serializer support
configure:4123: result: yes
configure:4132: checking whether to enable igbinary serializer support
configure:4146: result: no
configure:4155: checking whether to enable msgpack serializer support
configure:4169: result: no
configure:4178: checking whether to enable lzf compression
configure:4192: result: no
configure:4201: checking use system liblzf
configure:4216: result: no
configure:4225: checking whether to enable Zstd compression
configure:4239: result: no
configure:4248: checking use system libsztd
configure:4263: result: yes
configure:4272: checking whether to enable lz4 compression
configure:4286: result: no
configure:4295: checking use system liblz4
configure:4310: result: no
configure:4324: checking for hash includes
configure:4344: result: /usr/local/php80/include/php
configure:4349: checking for json includes
configure:4369: result: /usr/local/php80/include/php
configure:4374: checking for redis json support
configure:4377: result: enabled
configure:4469: checking for redis igbinary support
configure:4533: result: disabled
configure:4638: checking for pkg-config
configure:4669: result: /bin/pkg-config
configure:6053: checking for git
configure:6069: found /bin/git
configure:6081: result: yes
configure:6429: checking for a sed that does not truncate output
configure:6483: result: /bin/sed
configure:6497: checking for ld used by cc
configure:6564: result: /bin/ld
configure:6571: checking if the linker (/bin/ld) is GNU ld
configure:6586: result: yes
configure:6591: checking for /bin/ld option to reload object files
configure:6598: result: -r
configure:6616: checking for BSD-compatible nm
configure:6665: result: /bin/nm -B
configure:6669: checking whether ln -s works
configure:6673: result: yes
configure:6680: checking how to recognize dependent libraries
configure:6866: result: pass_all
configure:6951: cc -c -g -O2  conftest.c >&5
configure:6954: $? = 0
configure:7084: checking for ANSI C header files
configure:7104: cc -c -g -O2  conftest.c >&5
configure:7104: $? = 0
configure:7177: cc -o conftest -g -O2   conftest.c  >&5
configure:7177: $? = 0
configure:7177: ./conftest
configure:7177: $? = 0
configure:7188: result: yes
configure:7201: checking for sys/types.h
configure:7201: cc -c -g -O2  conftest.c >&5
configure:7201: $? = 0
configure:7201: result: yes
configure:7201: checking for sys/stat.h
configure:7201: cc -c -g -O2  conftest.c >&5
configure:7201: $? = 0
configure:7201: result: yes
configure:7201: checking for stdlib.h
configure:7201: cc -c -g -O2  conftest.c >&5
configure:7201: $? = 0
configure:7201: result: yes
configure:7201: checking for string.h
configure:7201: cc -c -g -O2  conftest.c >&5
configure:7201: $? = 0
configure:7201: result: yes
configure:7201: checking for memory.h
configure:7201: cc -c -g -O2  conftest.c >&5
configure:7201: $? = 0
configure:7201: result: yes
configure:7201: checking for strings.h
configure:7201: cc -c -g -O2  conftest.c >&5
configure:7201: $? = 0
configure:7201: result: yes
configure:7201: checking for inttypes.h
configure:7201: cc -c -g -O2  conftest.c >&5
configure:7201: $? = 0
configure:7201: result: yes
configure:7201: checking for stdint.h
configure:7201: cc -c -g -O2  conftest.c >&5
configure:7201: $? = 0
configure:7201: result: yes
configure:7201: checking for unistd.h
configure:7201: cc -c -g -O2  conftest.c >&5
configure:7201: $? = 0
configure:7201: result: yes
configure:7215: checking dlfcn.h usability
configure:7215: cc -c -g -O2  conftest.c >&5
configure:7215: $? = 0
configure:7215: result: yes
configure:7215: checking dlfcn.h presence
configure:7215: cc -E  conftest.c
configure:7215: $? = 0
configure:7215: result: yes
configure:7215: checking for dlfcn.h
configure:7215: result: yes
configure:7237: checking the maximum length of command line arguments
configure:7349: result: 1572864
configure:7361: checking command to parse /bin/nm -B output from cc object
configure:7466: cc -c -g -O2  conftest.c >&5
configure:7469: $? = 0
configure:7473: /bin/nm -B conftest.o \| sed -n -e 's/^.*[ 	]\([ABCDGIRSTW][ABCDGIRSTW]*\)[ 	][ 	]*\([_A-Za-z][_A-Za-z0-9]*\)$/\1 \2 \2/p' \> conftest.nm
configure:7476: $? = 0
configure:7528: cc -o conftest -g -O2   conftest.c conftstm.o >&5
configure:7531: $? = 0
configure:7569: result: ok
configure:7573: checking for objdir
configure:7588: result: .libs
configure:7680: checking for ar
configure:7696: found /bin/ar
configure:7707: result: ar
configure:7772: checking for ranlib
configure:7788: found /bin/ranlib
configure:7799: result: ranlib
configure:7864: checking for strip
configure:7880: found /bin/strip
configure:7891: result: strip
configure:8460: checking if cc supports -fno-rtti -fno-exceptions
configure:8478: cc -c -g -O2  -fno-rtti -fno-exceptions conftest.c >&5
cc1: warning: command line option '-fno-rtti' is valid for C++/ObjC++ but not for C [enabled by default]
configure:8482: $? = 0
configure:8495: result: no
configure:8510: checking for cc option to produce PIC
configure:8750: result: -fPIC
configure:8758: checking if cc PIC flag -fPIC works
configure:8776: cc -c -g -O2  -fPIC -DPIC conftest.c >&5
configure:8780: $? = 0
configure:8793: result: yes
configure:8821: checking if cc static flag -static works
configure:8849: result: no
configure:8859: checking if cc supports -c -o file.o
configure:8880: cc -c -g -O2  -o out/conftest2.o conftest.c >&5
configure:8884: $? = 0
configure:8906: result: yes
configure:8932: checking whether the cc linker (/bin/ld -m elf_x86_64) supports shared libraries
configure:9860: result: yes
configure:9881: checking whether -lc should be explicitly linked in
configure:9886: cc -c -g -O2  conftest.c >&5
configure:9889: $? = 0
configure:9904: cc -shared conftest.o  -v -Wl,-soname -Wl,conftest -o conftest 2\>\&1 \| grep  -lc  \>/dev/null 2\>\&1
configure:9907: $? = 0
configure:9919: result: no
configure:9927: checking dynamic linker characteristics
configure:10525: result: GNU/Linux ld.so
configure:10549: checking how to hardcode library paths into programs
configure:10574: result: immediate
configure:10588: checking whether stripping libraries is possible
configure:10593: result: yes
configure:11104: checking if libtool supports shared libraries
configure:11106: result: yes
configure:11109: checking whether to build shared libraries
configure:11130: result: yes
configure:11133: checking whether to build static libraries
configure:11137: result: no
configure:11232: result:
creating libtool
configure:14928: patching config.h.in
configure:14939: creating ./config.status

## ---------------------- ##
## Running config.status. ##
## ---------------------- ##

This file was extended by config.status, which was
generated by GNU Autoconf 2.69.  Invocation command line was

  CONFIG_FILES    = 
  CONFIG_HEADERS  = 
  CONFIG_LINKS    = 
  CONFIG_COMMANDS = 
  $ ./config.status 

on gymhome.vn

config.status:678: creating config.h

## ---------------- ##
## Cache variables. ##
## ---------------- ##

ac_cv_build=x86_64-pc-linux-gnu
ac_cv_c_compiler_gnu=yes
ac_cv_env_CC_set=
ac_cv_env_CC_value=
ac_cv_env_CFLAGS_set=
ac_cv_env_CFLAGS_value=
ac_cv_env_CPPFLAGS_set=
ac_cv_env_CPPFLAGS_value=
ac_cv_env_CPP_set=
ac_cv_env_CPP_value=
ac_cv_env_LDFLAGS_set=
ac_cv_env_LDFLAGS_value=
ac_cv_env_LIBS_set=
ac_cv_env_LIBS_value=
ac_cv_env_PKG_CONFIG_LIBDIR_set=
ac_cv_env_PKG_CONFIG_LIBDIR_value=
ac_cv_env_PKG_CONFIG_PATH_set=set
ac_cv_env_PKG_CONFIG_PATH_value=/usr/local/icu/lib/pkgconfig:/usr/local/lib64/pkgconfig:/usr/local/lib/pkgconfig:/usr/lib/x86_64-linux-gnu/pkgconfig
ac_cv_env_PKG_CONFIG_set=
ac_cv_env_PKG_CONFIG_value=
ac_cv_env_build_alias_set=
ac_cv_env_build_alias_value=
ac_cv_env_host_alias_set=
ac_cv_env_host_alias_value=
ac_cv_env_target_alias_set=
ac_cv_env_target_alias_value=
ac_cv_header_dlfcn_h=yes
ac_cv_header_inttypes_h=yes
ac_cv_header_memory_h=yes
ac_cv_header_stdc=yes
ac_cv_header_stdint_h=yes
ac_cv_header_stdlib_h=yes
ac_cv_header_string_h=yes
ac_cv_header_strings_h=yes
ac_cv_header_sys_stat_h=yes
ac_cv_header_sys_types_h=yes
ac_cv_header_unistd_h=yes
ac_cv_host=x86_64-pc-linux-gnu
ac_cv_objext=o
ac_cv_path_EGREP='/bin/grep -E'
ac_cv_path_GREP=/bin/grep
ac_cv_path_PKG_CONFIG=/bin/pkg-config
ac_cv_path_SED=/bin/sed
ac_cv_path_ac_pt_PKG_CONFIG=/bin/pkg-config
ac_cv_prog_AWK=gawk
ac_cv_prog_CPP='cc -E'
ac_cv_prog_GIT=yes
ac_cv_prog_ac_ct_AR=ar
ac_cv_prog_ac_ct_CC=cc
ac_cv_prog_ac_ct_RANLIB=ranlib
ac_cv_prog_ac_ct_STRIP=strip
ac_cv_prog_cc_c89=
ac_cv_prog_cc_g=yes
ac_cv_target=x86_64-pc-linux-gnu
lt_cv_deplibs_check_method=pass_all
lt_cv_file_magic_cmd='$MAGIC_CMD'
lt_cv_file_magic_test_file=
lt_cv_ld_reload_flag=-r
lt_cv_objdir=.libs
lt_cv_path_LD=/bin/ld
lt_cv_path_NM='/bin/nm -B'
lt_cv_path_SED=/bin/sed
lt_cv_prog_compiler_c_o=yes
lt_cv_prog_compiler_pic_works=yes
lt_cv_prog_compiler_rtti_exceptions=no
lt_cv_prog_compiler_static_works=no
lt_cv_prog_gnu_ld=yes
lt_cv_sys_global_symbol_pipe='sed -n -e '\''s/^.*[ 	]\([ABCDGIRSTW][ABCDGIRSTW]*\)[ 	][ 	]*\([_A-Za-z][_A-Za-z0-9]*\)$/\1 \2 \2/p'\'''
lt_cv_sys_global_symbol_to_c_name_address='sed -n -e '\''s/^: \([^ ]*\) $/  {\"\1\", (lt_ptr) 0},/p'\'' -e '\''s/^[BCDEGRST] \([^ ]*\) \([^ ]*\)$/  {"\2", (lt_ptr) \&\2},/p'\'''
lt_cv_sys_global_symbol_to_cdecl='sed -n -e '\''s/^. .* \(.*\)$/extern int \1;/p'\'''
lt_cv_sys_lib_dlsearch_path_spec='/lib /usr/lib /usr/lib64//bind9-export/ /usr/lib64/dyninst /usr/lib64/mysql /usr/local/lib /usr/local/lib64 '
lt_cv_sys_lib_search_path_spec='/usr/lib/gcc/x86_64-redhat-linux/4.8.5 /usr/lib64 /lib64'
lt_cv_sys_max_cmd_len=1572864
lt_lt_cv_prog_compiler_c_o='"yes"'
lt_lt_cv_sys_global_symbol_pipe='"sed -n -e '\''s/^.*[ 	]\\([ABCDGIRSTW][ABCDGIRSTW]*\\)[ 	][ 	]*\\([_A-Za-z][_A-Za-z0-9]*\\)\$/\\1 \\2 \\2/p'\''"'
lt_lt_cv_sys_global_symbol_to_c_name_address='"sed -n -e '\''s/^: \\([^ ]*\\) \$/  {\\\"\\1\\\", (lt_ptr) 0},/p'\'' -e '\''s/^[BCDEGRST] \\([^ ]*\\) \\([^ ]*\\)\$/  {\"\\2\", (lt_ptr) \\&\\2},/p'\''"'
lt_lt_cv_sys_global_symbol_to_cdecl='"sed -n -e '\''s/^. .* \\(.*\\)\$/extern int \\1;/p'\''"'
php_cv_cc_dashr=no
php_cv_cc_rpath=yes

## ----------------- ##
## Output variables. ##
## ----------------- ##

AR='ar'
AWK='gawk'
CC='cc'
CFLAGS='-g -O2'
CONFIGURE_COMMAND=' '\''./configure'\''  '\''--with-php-config=/usr/local/php80/bin/php-config'\'' '\''PKG_CONFIG_PATH=/usr/local/icu/lib/pkgconfig:/usr/local/lib64/pkgconfig:/usr/local/lib/pkgconfig:/usr/lib/x86_64-linux-gnu/pkgconfig'\'''
CONFIGURE_OPTIONS=' '\''--with-php-config=/usr/local/php80/bin/php-config'\'' '\''PKG_CONFIG_PATH=/usr/local/icu/lib/pkgconfig:/usr/local/lib64/pkgconfig:/usr/local/lib/pkgconfig:/usr/lib/x86_64-linux-gnu/pkgconfig'\'''
CPP='cc -E'
CPPFLAGS=' -DHAVE_CONFIG_H'
DEFS='-DHAVE_CONFIG_H'
DSYMUTIL=''
ECHO='echo'
ECHO_C=''
ECHO_N='-n'
ECHO_T=''
EGREP='/bin/grep -E'
EXEEXT=''
GIT='yes'
GREP='/bin/grep'
LDFLAGS=''
LIBOBJS=''
LIBS=''
LIBTOOL='$(SHELL) $(top_builddir)/libtool'
LN_S='ln -s'
LTLIBOBJS=''
NMEDIT=''
OBJEXT='o'
PACKAGE_BUGREPORT=''
PACKAGE_NAME=''
PACKAGE_STRING=''
PACKAGE_TARNAME=''
PACKAGE_URL=''
PACKAGE_VERSION=''
PATH_SEPARATOR=':'
PKG_CONFIG='/bin/pkg-config'
PKG_CONFIG_LIBDIR=''
PKG_CONFIG_PATH='/usr/local/icu/lib/pkgconfig:/usr/local/lib64/pkgconfig:/usr/local/lib/pkgconfig:/usr/lib/x86_64-linux-gnu/pkgconfig'
RANLIB='ranlib'
SED='/bin/sed'
SHELL='/bin/sh'
SHLIB_DL_SUFFIX_NAME='so'
SHLIB_SUFFIX_NAME='so'
STRIP='strip'
ac_ct_CC='cc'
bindir='${exec_prefix}/bin'
build='x86_64-pc-linux-gnu'
build_alias=''
build_cpu='x86_64'
build_os='linux-gnu'
build_vendor='pc'
datadir='${datarootdir}'
datarootdir='${prefix}/share'
docdir='${datarootdir}/doc/${PACKAGE}'
dvidir='${docdir}'
exec_prefix='$(prefix)'
host='x86_64-pc-linux-gnu'
host_alias='x86_64-pc-linux-gnu'
host_cpu='x86_64'
host_os='linux-gnu'
host_vendor='pc'
htmldir='${docdir}'
includedir='${prefix}/include'
infodir='${datarootdir}/info'
libdir='${exec_prefix}/lib'
libexecdir='${exec_prefix}/libexec'
localedir='${datarootdir}/locale'
localstatedir='${prefix}/var'
mandir='${datarootdir}/man'
oldincludedir='/usr/include'
pdfdir='${docdir}'
prefix='/usr/local/php80'
program_transform_name='s,x,x,'
psdir='${docdir}'
sbindir='${exec_prefix}/sbin'
sharedstatedir='${prefix}/com'
sysconfdir='${prefix}/etc'
target='x86_64-pc-linux-gnu'
target_alias=''
target_cpu='x86_64'
target_os='linux-gnu'
target_vendor='pc'

## ----------- ##
## confdefs.h. ##
## ----------- ##

/* confdefs.h */
#define PACKAGE_NAME ""
#define PACKAGE_TARNAME ""
#define PACKAGE_VERSION ""
#define PACKAGE_STRING ""
#define PACKAGE_BUGREPORT ""
#define PACKAGE_URL ""
#define PHP_SESSION 1
#define HAVE_REDIS_JSON 1
#define COMPILE_DL_REDIS 1
#define STDC_HEADERS 1
#define HAVE_SYS_TYPES_H 1
#define HAVE_SYS_STAT_H 1
#define HAVE_STDLIB_H 1
#define HAVE_STRING_H 1
#define HAVE_MEMORY_H 1
#define HAVE_STRINGS_H 1
#define HAVE_INTTYPES_H 1
#define HAVE_STDINT_H 1
#define HAVE_UNISTD_H 1
#define HAVE_DLFCN_H 1

configure: exit 0
