This file contains any messages produced by compilers while
running configure, to aid debugging if configure makes a mistake.

It was created by configure, which was
generated by GNU Autoconf 2.69.  Invocation command line was

  $ ./configure --with-php-config=/usr/local/php71/bin/php-config

## --------- ##
## Platform. ##
## --------- ##

hostname = sv.gymhome.vn
uname -m = x86_64
uname -r = 3.10.0
uname -s = Linux
uname -v = #1 SMP Thu Apr 22 16:18:59 MSK 2021

/usr/bin/uname -p = x86_64
/bin/uname -X     = unknown

/bin/arch              = x86_64
/usr/bin/arch -k       = unknown
/usr/convex/getsysinfo = unknown
/usr/bin/hostinfo      = unknown
/bin/machine           = unknown
/usr/bin/oslevel       = unknown
/bin/universe          = unknown

PATH: /usr/local/sbin
PATH: /usr/local/bin
PATH: /usr/sbin
PATH: /usr/bin
PATH: /root/bin


## ----------- ##
## Core tests. ##
## ----------- ##

configure:2316: checking for grep that handles long lines and -e
configure:2374: result: /usr/bin/grep
configure:2379: checking for egrep
configure:2441: result: /usr/bin/grep -E
configure:2446: checking for a sed that does not truncate output
configure:2500: result: /usr/bin/sed
configure:2637: checking for cc
configure:2653: found /usr/bin/cc
configure:2664: result: cc
configure:2695: checking for C compiler version
configure:2704: cc --version >&5
cc (GCC) 4.8.5 20150623 (Red Hat 4.8.5-44)
Copyright (C) 2015 Free Software Foundation, Inc.
This is free software; see the source for copying conditions.  There is NO
warranty; not even for MERCHANTABILITY or FITNESS FOR A PARTICULAR PURPOSE.

configure:2715: $? = 0
configure:2704: cc -v >&5
Using built-in specs.
COLLECT_GCC=cc
COLLECT_LTO_WRAPPER=/usr/libexec/gcc/x86_64-redhat-linux/4.8.5/lto-wrapper
Target: x86_64-redhat-linux
Configured with: ../configure --prefix=/usr --mandir=/usr/share/man --infodir=/usr/share/info --with-bugurl=http://bugzilla.redhat.com/bugzilla --enable-bootstrap --enable-shared --enable-threads=posix --enable-checking=release --with-system-zlib --enable-__cxa_atexit --disable-libunwind-exceptions --enable-gnu-unique-object --enable-linker-build-id --with-linker-hash-style=gnu --enable-languages=c,c++,objc,obj-c++,java,fortran,ada,go,lto --enable-plugin --enable-initfini-array --disable-libgcj --with-isl=/builddir/build/BUILD/gcc-4.8.5-20150702/obj-x86_64-redhat-linux/isl-install --with-cloog=/builddir/build/BUILD/gcc-4.8.5-20150702/obj-x86_64-redhat-linux/cloog-install --enable-gnu-indirect-function --with-tune=generic --with-arch_32=x86-64 --build=x86_64-redhat-linux
Thread model: posix
gcc version 4.8.5 20150623 (Red Hat 4.8.5-44) (GCC) 
configure:2715: $? = 0
configure:2704: cc -V >&5
cc: error: unrecognized command line option '-V'
cc: fatal error: no input files
compilation terminated.
configure:2715: $? = 4
configure:2704: cc -qversion >&5
cc: error: unrecognized command line option '-qversion'
cc: fatal error: no input files
compilation terminated.
configure:2715: $? = 4
configure:2735: checking whether the C compiler works
configure:2757: cc    conftest.c  >&5
configure:2761: $? = 0
configure:2809: result: yes
configure:2812: checking for C compiler default output file name
configure:2814: result: a.out
configure:2820: checking for suffix of executables
configure:2827: cc -o conftest    conftest.c  >&5
configure:2831: $? = 0
configure:2853: result: 
configure:2875: checking whether we are cross compiling
configure:2883: cc -o conftest    conftest.c  >&5
configure:2887: $? = 0
configure:2894: ./conftest
configure:2898: $? = 0
configure:2913: result: no
configure:2918: checking for suffix of object files
configure:2940: cc -c   conftest.c >&5
configure:2944: $? = 0
configure:2965: result: o
configure:2969: checking whether we are using the GNU C compiler
configure:2988: cc -c   conftest.c >&5
configure:2988: $? = 0
configure:2997: result: yes
configure:3006: checking whether cc accepts -g
configure:3026: cc -c -g  conftest.c >&5
configure:3026: $? = 0
configure:3067: result: yes
configure:3084: checking for cc option to accept ISO C89
configure:3147: cc  -c -g -O2  conftest.c >&5
configure:3147: $? = 0
configure:3160: result: none needed
configure:3186: checking how to run the C preprocessor
configure:3217: cc -E  conftest.c
configure:3217: $? = 0
configure:3231: cc -E  conftest.c
conftest.c:9:28: fatal error: ac_nonexistent.h: No such file or directory
 #include <ac_nonexistent.h>
                            ^
compilation terminated.
configure:3231: $? = 1
configure: failed program was:
| /* confdefs.h */
| #define PACKAGE_NAME ""
| #define PACKAGE_TARNAME ""
| #define PACKAGE_VERSION ""
| #define PACKAGE_STRING ""
| #define PACKAGE_BUGREPORT ""
| #define PACKAGE_URL ""
| /* end confdefs.h.  */
| #include <ac_nonexistent.h>
configure:3256: result: cc -E
configure:3276: cc -E  conftest.c
configure:3276: $? = 0
configure:3290: cc -E  conftest.c
conftest.c:9:28: fatal error: ac_nonexistent.h: No such file or directory
 #include <ac_nonexistent.h>
                            ^
compilation terminated.
configure:3290: $? = 1
configure: failed program was:
| /* confdefs.h */
| #define PACKAGE_NAME ""
| #define PACKAGE_TARNAME ""
| #define PACKAGE_VERSION ""
| #define PACKAGE_STRING ""
| #define PACKAGE_BUGREPORT ""
| #define PACKAGE_URL ""
| /* end confdefs.h.  */
| #include <ac_nonexistent.h>
configure:3321: checking for icc
configure:3330: result: no
configure:3344: checking for suncc
configure:3353: result: no
configure:3371: checking whether cc understands -c and -o together
configure:3399: cc -c conftest.c -o conftest2.o >&5
configure:3403: $? = 0
configure:3409: cc -c conftest.c -o conftest2.o >&5
configure:3413: $? = 0
configure:3468: result: yes
configure:3482: checking for system library directory
configure:3497: result: lib
configure:3504: checking if compiler supports -R
configure:3523: cc -o conftest -g -O2   conftest.c -R /usr/lib  >&5
cc: error: unrecognized command line option '-R'
configure:3523: $? = 1
configure: failed program was:
| /* confdefs.h */
| #define PACKAGE_NAME ""
| #define PACKAGE_TARNAME ""
| #define PACKAGE_VERSION ""
| #define PACKAGE_STRING ""
| #define PACKAGE_BUGREPORT ""
| #define PACKAGE_URL ""
| /* end confdefs.h.  */
| 
| int
| main ()
| {
| 
|   ;
|   return 0;
| }
configure:3533: result: no
configure:3538: checking if compiler supports -Wl,-rpath,
configure:3557: cc -o conftest -g -O2   conftest.c -Wl,-rpath,/usr/lib  >&5
configure:3557: $? = 0
configure:3567: result: yes
configure:3612: checking build system type
configure:3626: result: x86_64-unknown-linux-gnu
configure:3646: checking host system type
configure:3659: result: x86_64-unknown-linux-gnu
configure:3679: checking target system type
configure:3692: result: x86_64-unknown-linux-gnu
configure:3795: checking for PHP prefix
configure:3797: result: /usr/local/php71
configure:3799: checking for PHP includes
configure:3801: result: -I/usr/local/php71/include/php -I/usr/local/php71/include/php/main -I/usr/local/php71/include/php/TSRM -I/usr/local/php71/include/php/Zend -I/usr/local/php71/include/php/ext -I/usr/local/php71/include/php/ext/date/lib
configure:3803: checking for PHP extension directory
configure:3805: result: /usr/local/php71/lib/php/extensions/no-debug-non-zts-20160303
configure:3807: checking for PHP installed headers prefix
configure:3809: result: /usr/local/php71/include/php
configure:3812: checking if debug is enabled
configure:3838: result: no
configure:3841: checking if zts is enabled
configure:3867: result: no
configure:3938: checking for re2c
configure:3968: result: no
configure:3993: WARNING: You will need re2c 0.13.4 or later if you want to regenerate PHP parsers.
configure:4007: checking for gawk
configure:4024: found /usr/bin/gawk
configure:4035: result: gawk
configure:4079: checking whether to enable redis support
configure:4118: result: yes, shared
configure:4127: checking whether to enable sessions
configure:4141: result: yes
configure:4150: checking whether to enable json serializer support
configure:4164: result: yes
configure:4173: checking whether to enable igbinary serializer support
configure:4187: result: no
configure:4196: checking whether to enable msgpack serializer support
configure:4210: result: no
configure:4219: checking whether to enable lzf compression
configure:4233: result: no
configure:4242: checking use system liblzf
configure:4257: result: no
configure:4266: checking whether to enable Zstd compression
configure:4280: result: no
configure:4289: checking use system libsztd
configure:4304: result: yes
configure:4313: checking whether to enable lz4 compression
configure:4327: result: no
configure:4336: checking use system liblz4
configure:4351: result: no
configure:4365: checking for hash includes
configure:4385: result: /usr/local/php71/include/php
configure:4390: checking for json includes
configure:4410: result: /usr/local/php71/include/php
configure:4415: checking for redis json support
configure:4418: result: enabled
configure:4510: checking for redis igbinary support
configure:4574: result: disabled
configure:4679: checking for pkg-config
configure:4697: found /usr/bin/pkg-config
configure:4710: result: /usr/bin/pkg-config
configure:6034: checking for git
configure:6050: found /usr/bin/git
configure:6062: result: yes
configure:6470: checking for ld used by cc
configure:6537: result: /usr/bin/ld
configure:6544: checking if the linker (/usr/bin/ld) is GNU ld
configure:6559: result: yes
configure:6564: checking for /usr/bin/ld option to reload object files
configure:6571: result: -r
configure:6589: checking for BSD-compatible nm
configure:6638: result: /usr/bin/nm -B
configure:6642: checking whether ln -s works
configure:6646: result: yes
configure:6653: checking how to recognize dependent libraries
configure:6839: result: pass_all
configure:6924: cc -c -g -O2  conftest.c >&5
configure:6927: $? = 0
configure:7057: checking for ANSI C header files
configure:7077: cc -c -g -O2  conftest.c >&5
configure:7077: $? = 0
configure:7150: cc -o conftest -g -O2   conftest.c  >&5
configure:7150: $? = 0
configure:7150: ./conftest
configure:7150: $? = 0
configure:7161: result: yes
configure:7174: checking for sys/types.h
configure:7174: cc -c -g -O2  conftest.c >&5
configure:7174: $? = 0
configure:7174: result: yes
configure:7174: checking for sys/stat.h
configure:7174: cc -c -g -O2  conftest.c >&5
configure:7174: $? = 0
configure:7174: result: yes
configure:7174: checking for stdlib.h
configure:7174: cc -c -g -O2  conftest.c >&5
configure:7174: $? = 0
configure:7174: result: yes
configure:7174: checking for string.h
configure:7174: cc -c -g -O2  conftest.c >&5
configure:7174: $? = 0
configure:7174: result: yes
configure:7174: checking for memory.h
configure:7174: cc -c -g -O2  conftest.c >&5
configure:7174: $? = 0
configure:7174: result: yes
configure:7174: checking for strings.h
configure:7174: cc -c -g -O2  conftest.c >&5
configure:7174: $? = 0
configure:7174: result: yes
configure:7174: checking for inttypes.h
configure:7174: cc -c -g -O2  conftest.c >&5
configure:7174: $? = 0
configure:7174: result: yes
configure:7174: checking for stdint.h
configure:7174: cc -c -g -O2  conftest.c >&5
configure:7174: $? = 0
configure:7174: result: yes
configure:7174: checking for unistd.h
configure:7174: cc -c -g -O2  conftest.c >&5
configure:7174: $? = 0
configure:7174: result: yes
configure:7188: checking dlfcn.h usability
configure:7188: cc -c -g -O2  conftest.c >&5
configure:7188: $? = 0
configure:7188: result: yes
configure:7188: checking dlfcn.h presence
configure:7188: cc -E  conftest.c
configure:7188: $? = 0
configure:7188: result: yes
configure:7188: checking for dlfcn.h
configure:7188: result: yes
configure:7210: checking the maximum length of command line arguments
configure:7322: result: 1572864
configure:7334: checking command to parse /usr/bin/nm -B output from cc object
configure:7439: cc -c -g -O2  conftest.c >&5
configure:7442: $? = 0
configure:7446: /usr/bin/nm -B conftest.o \| sed -n -e 's/^.*[ 	]\([ABCDGIRSTW][ABCDGIRSTW]*\)[ 	][ 	]*\([_A-Za-z][_A-Za-z0-9]*\)$/\1 \2 \2/p' \> conftest.nm
configure:7449: $? = 0
configure:7501: cc -o conftest -g -O2   conftest.c conftstm.o >&5
configure:7504: $? = 0
configure:7542: result: ok
configure:7546: checking for objdir
configure:7561: result: .libs
configure:7653: checking for ar
configure:7669: found /usr/bin/ar
configure:7680: result: ar
configure:7745: checking for ranlib
configure:7761: found /usr/bin/ranlib
configure:7772: result: ranlib
configure:7837: checking for strip
configure:7853: found /usr/bin/strip
configure:7864: result: strip
configure:8433: checking if cc supports -fno-rtti -fno-exceptions
configure:8451: cc -c -g -O2  -fno-rtti -fno-exceptions conftest.c >&5
cc1: warning: command line option '-fno-rtti' is valid for C++/ObjC++ but not for C [enabled by default]
configure:8455: $? = 0
configure:8468: result: no
configure:8483: checking for cc option to produce PIC
configure:8723: result: -fPIC
configure:8731: checking if cc PIC flag -fPIC works
configure:8749: cc -c -g -O2  -fPIC -DPIC conftest.c >&5
configure:8753: $? = 0
configure:8766: result: yes
configure:8794: checking if cc static flag -static works
configure:8822: result: no
configure:8832: checking if cc supports -c -o file.o
configure:8853: cc -c -g -O2  -o out/conftest2.o conftest.c >&5
configure:8857: $? = 0
configure:8879: result: yes
configure:8905: checking whether the cc linker (/usr/bin/ld -m elf_x86_64) supports shared libraries
configure:9833: result: yes
configure:9854: checking whether -lc should be explicitly linked in
configure:9859: cc -c -g -O2  conftest.c >&5
configure:9862: $? = 0
configure:9877: cc -shared conftest.o  -v -Wl,-soname -Wl,conftest -o conftest 2\>\&1 \| grep  -lc  \>/dev/null 2\>\&1
configure:9880: $? = 0
configure:9892: result: no
configure:9900: checking dynamic linker characteristics
configure:10498: result: GNU/Linux ld.so
configure:10522: checking how to hardcode library paths into programs
configure:10547: result: immediate
configure:10561: checking whether stripping libraries is possible
configure:10566: result: yes
configure:11083: checking if libtool supports shared libraries
configure:11085: result: yes
configure:11088: checking whether to build shared libraries
configure:11109: result: yes
configure:11112: checking whether to build static libraries
configure:11116: result: no
configure:11211: result:
creating libtool
configure:14909: creating ./config.status

## ---------------------- ##
## Running config.status. ##
## ---------------------- ##

This file was extended by config.status, which was
generated by GNU Autoconf 2.69.  Invocation command line was

  CONFIG_FILES    = 
  CONFIG_HEADERS  = 
  CONFIG_LINKS    = 
  CONFIG_COMMANDS = 
  $ ./config.status 

on sv.gymhome.vn

config.status:678: creating config.h

## ---------------- ##
## Cache variables. ##
## ---------------- ##

ac_cv_build=x86_64-unknown-linux-gnu
ac_cv_c_compiler_gnu=yes
ac_cv_env_CC_set=
ac_cv_env_CC_value=
ac_cv_env_CFLAGS_set=
ac_cv_env_CFLAGS_value=
ac_cv_env_CPPFLAGS_set=
ac_cv_env_CPPFLAGS_value=
ac_cv_env_CPP_set=
ac_cv_env_CPP_value=
ac_cv_env_LDFLAGS_set=
ac_cv_env_LDFLAGS_value=
ac_cv_env_LIBS_set=
ac_cv_env_LIBS_value=
ac_cv_env_build_alias_set=
ac_cv_env_build_alias_value=
ac_cv_env_host_alias_set=
ac_cv_env_host_alias_value=
ac_cv_env_target_alias_set=
ac_cv_env_target_alias_value=
ac_cv_header_dlfcn_h=yes
ac_cv_header_inttypes_h=yes
ac_cv_header_memory_h=yes
ac_cv_header_stdc=yes
ac_cv_header_stdint_h=yes
ac_cv_header_stdlib_h=yes
ac_cv_header_string_h=yes
ac_cv_header_strings_h=yes
ac_cv_header_sys_stat_h=yes
ac_cv_header_sys_types_h=yes
ac_cv_header_unistd_h=yes
ac_cv_host=x86_64-unknown-linux-gnu
ac_cv_objext=o
ac_cv_path_EGREP='/usr/bin/grep -E'
ac_cv_path_GREP=/usr/bin/grep
ac_cv_path_PKG_CONFIG=/usr/bin/pkg-config
ac_cv_prog_AWK=gawk
ac_cv_prog_CPP='cc -E'
ac_cv_prog_GIT=yes
ac_cv_prog_ac_ct_AR=ar
ac_cv_prog_ac_ct_CC=cc
ac_cv_prog_ac_ct_RANLIB=ranlib
ac_cv_prog_ac_ct_STRIP=strip
ac_cv_prog_cc_c89=
ac_cv_prog_cc_cc_c_o=yes
ac_cv_prog_cc_g=yes
ac_cv_target=x86_64-unknown-linux-gnu
lt_cv_deplibs_check_method=pass_all
lt_cv_file_magic_cmd='$MAGIC_CMD'
lt_cv_file_magic_test_file=
lt_cv_ld_reload_flag=-r
lt_cv_objdir=.libs
lt_cv_path_LD=/usr/bin/ld
lt_cv_path_NM='/usr/bin/nm -B'
lt_cv_path_SED=/usr/bin/sed
lt_cv_prog_compiler_c_o=yes
lt_cv_prog_compiler_pic_works=yes
lt_cv_prog_compiler_rtti_exceptions=no
lt_cv_prog_compiler_static_works=no
lt_cv_prog_gnu_ld=yes
lt_cv_sys_global_symbol_pipe='sed -n -e '\''s/^.*[ 	]\([ABCDGIRSTW][ABCDGIRSTW]*\)[ 	][ 	]*\([_A-Za-z][_A-Za-z0-9]*\)$/\1 \2 \2/p'\'''
lt_cv_sys_global_symbol_to_c_name_address='sed -n -e '\''s/^: \([^ ]*\) $/  {\"\1\", (lt_ptr) 0},/p'\'' -e '\''s/^[BCDEGRST] \([^ ]*\) \([^ ]*\)$/  {"\2", (lt_ptr) \&\2},/p'\'''
lt_cv_sys_global_symbol_to_cdecl='sed -n -e '\''s/^. .* \(.*\)$/extern int \1;/p'\'''
lt_cv_sys_lib_dlsearch_path_spec='/lib /usr/lib /usr/lib64//bind9-export/ /usr/lib64/dyninst /usr/lib64/mysql /usr/local/lib /usr/local/lib64 '
lt_cv_sys_lib_search_path_spec='/usr/lib/gcc/x86_64-redhat-linux/4.8.5 /usr/lib64 /lib64'
lt_cv_sys_max_cmd_len=1572864
lt_lt_cv_prog_compiler_c_o='"yes"'
lt_lt_cv_sys_global_symbol_pipe='"sed -n -e '\''s/^.*[ 	]\\([ABCDGIRSTW][ABCDGIRSTW]*\\)[ 	][ 	]*\\([_A-Za-z][_A-Za-z0-9]*\\)\$/\\1 \\2 \\2/p'\''"'
lt_lt_cv_sys_global_symbol_to_c_name_address='"sed -n -e '\''s/^: \\([^ ]*\\) \$/  {\\\"\\1\\\", (lt_ptr) 0},/p'\'' -e '\''s/^[BCDEGRST] \\([^ ]*\\) \\([^ ]*\\)\$/  {\"\\2\", (lt_ptr) \\&\\2},/p'\''"'
lt_lt_cv_sys_global_symbol_to_cdecl='"sed -n -e '\''s/^. .* \\(.*\\)\$/extern int \\1;/p'\''"'
php_cv_cc_dashr=no
php_cv_cc_rpath=yes

## ----------------- ##
## Output variables. ##
## ----------------- ##

AR='ar'
AWK='gawk'
CC='cc'
CFLAGS='-g -O2'
CONFIGURE_COMMAND=' '\''./configure'\''  '\''--with-php-config=/usr/local/php71/bin/php-config'\'''
CONFIGURE_OPTIONS=' '\''--with-php-config=/usr/local/php71/bin/php-config'\'''
CPP='cc -E'
CPPFLAGS=' -DHAVE_CONFIG_H'
DEFS='-DHAVE_CONFIG_H'
DSYMUTIL=''
ECHO='echo'
ECHO_C=''
ECHO_N='-n'
ECHO_T=''
EGREP='/usr/bin/grep -E'
EXEEXT=''
GIT='yes'
GREP='/usr/bin/grep'
LDFLAGS=''
LIBOBJS=''
LIBS=''
LIBTOOL='$(SHELL) $(top_builddir)/libtool'
LN_S='ln -s'
LTLIBOBJS=''
NMEDIT=''
OBJEXT='o'
PACKAGE_BUGREPORT=''
PACKAGE_NAME=''
PACKAGE_STRING=''
PACKAGE_TARNAME=''
PACKAGE_URL=''
PACKAGE_VERSION=''
PATH_SEPARATOR=':'
PKG_CONFIG='/usr/bin/pkg-config'
RANLIB='ranlib'
RE2C='exit 0;'
SED='/usr/bin/sed'
SHELL='/bin/sh'
SHLIB_DL_SUFFIX_NAME='so'
SHLIB_SUFFIX_NAME='so'
STRIP='strip'
ac_ct_CC='cc'
bindir='${exec_prefix}/bin'
build='x86_64-unknown-linux-gnu'
build_alias=''
build_cpu='x86_64'
build_os='linux-gnu'
build_vendor='unknown'
datadir='${datarootdir}'
datarootdir='${prefix}/share'
docdir='${datarootdir}/doc/${PACKAGE}'
dvidir='${docdir}'
exec_prefix='$(prefix)'
host='x86_64-unknown-linux-gnu'
host_alias='x86_64-unknown-linux-gnu'
host_cpu='x86_64'
host_os='linux-gnu'
host_vendor='unknown'
htmldir='${docdir}'
includedir='${prefix}/include'
infodir='${datarootdir}/info'
libdir='${exec_prefix}/lib'
libexecdir='${exec_prefix}/libexec'
localedir='${datarootdir}/locale'
localstatedir='${prefix}/var'
mandir='${datarootdir}/man'
oldincludedir='/usr/include'
pdfdir='${docdir}'
prefix='/usr/local/php71'
program_transform_name='s,x,x,'
psdir='${docdir}'
sbindir='${exec_prefix}/sbin'
sharedstatedir='${prefix}/com'
sysconfdir='${prefix}/etc'
target='x86_64-unknown-linux-gnu'
target_alias=''
target_cpu='x86_64'
target_os='linux-gnu'
target_vendor='unknown'

## ----------- ##
## confdefs.h. ##
## ----------- ##

/* confdefs.h */
#define PACKAGE_NAME ""
#define PACKAGE_TARNAME ""
#define PACKAGE_VERSION ""
#define PACKAGE_STRING ""
#define PACKAGE_BUGREPORT ""
#define PACKAGE_URL ""
#define PHP_SESSION 1
#define HAVE_REDIS_JSON 1
#define COMPILE_DL_REDIS 1
#define STDC_HEADERS 1
#define HAVE_SYS_TYPES_H 1
#define HAVE_SYS_STAT_H 1
#define HAVE_STDLIB_H 1
#define HAVE_STRING_H 1
#define HAVE_MEMORY_H 1
#define HAVE_STRINGS_H 1
#define HAVE_INTTYPES_H 1
#define HAVE_STDINT_H 1
#define HAVE_UNISTD_H 1
#define HAVE_DLFCN_H 1

configure: exit 0
